# JRE version: Java(TM) SE Runtime Environment (17.0.10+11) (build 17.0.10+11-LTS-240)
# Java VM: Java HotSpot(TM) 64-Bit Server VM (17.0.10+11-LTS-240, mixed mode, sharing, tiered, compressed oops, compressed class ptrs, g1 gc, windows-amd64)
GC Precious Log:
 CPUs: 8 total, 8 available
 Memory: 7934M
 Large Page Support: Disabled
 NUMA Support: Disabled
 Compressed Oops: Enabled (32-bit)
 Heap Region Size: 1M
 Heap Min Capacity: 8M
 Heap Initial Capacity: 124M
 Heap Max Capacity: 1984M
 Pre-touch: Disabled
 Parallel Workers: 8
 Concurrent Workers: 2
 Concurrent Refinement Workers: 8
 Periodic GC: Disabled
Heap:
 garbage-first heap   total 126976K, used 24699K [0x0000000084000000, 0x0000000100000000)
  region size 1024K, 23 young (23552K), 6 survivors (6144K)
 Metaspace       used 20791K, committed 21056K, reserved 1114112K
  class space    used 2501K, committed 2624K, reserved 1048576K
GC Heap History (8 events):
Event: 1.318 GC heap before
{Heap before GC invocations=0 (full 0):
 garbage-first heap   total 126976K, used 23552K [0x0000000084000000, 0x0000000100000000)
  region size 1024K, 23 young (23552K), 0 survivors (0K)
 Metaspace       used 2505K, committed 2624K, reserved 1114112K
  class space    used 267K, committed 320K, reserved 1048576K
}
Event: 1.345 GC heap after
{Heap after GC invocations=1 (full 0):
 garbage-first heap   total 126976K, used 2304K [0x0000000084000000, 0x0000000100000000)
  region size 1024K, 3 young (3072K), 3 survivors (3072K)
 Metaspace       used 2505K, committed 2624K, reserved 1114112K
  class space    used 267K, committed 320K, reserved 1048576K
}
Event: 2.458 GC heap before
{Heap before GC invocations=1 (full 0):
 garbage-first heap   total 126976K, used 37120K [0x0000000084000000, 0x0000000100000000)
  region size 1024K, 37 young (37888K), 3 survivors (3072K)
 Metaspace       used 5694K, committed 5952K, reserved 1114112K
  class space    used 704K, committed 832K, reserved 1048576K
}
Event: 2.464 GC heap after
{Heap after GC invocations=2 (full 0):
 garbage-first heap   total 126976K, used 3628K [0x0000000084000000, 0x0000000100000000)
  region size 1024K, 4 young (4096K), 4 survivors (4096K)
 Metaspace       used 5694K, committed 5952K, reserved 1114112K
  class space    used 704K, committed 832K, reserved 1048576K
}
Event: 4.340 GC heap before
{Heap before GC invocations=2 (full 0):
 garbage-first heap   total 126976K, used 75308K [0x0000000084000000, 0x0000000100000000)
  region size 1024K, 74 young (75776K), 4 survivors (4096K)
 Metaspace       used 10838K, committed 11072K, reserved 1114112K
  class space    used 1327K, committed 1408K, reserved 1048576K
}
Event: 4.350 GC heap after
{Heap after GC invocations=3 (full 0):
 garbage-first heap   total 126976K, used 5326K [0x0000000084000000, 0x0000000100000000)
  region size 1024K, 6 young (6144K), 6 survivors (6144K)
 Metaspace       used 10838K, committed 11072K, reserved 1114112K
  class space    used 1327K, committed 1408K, reserved 1048576K
}
Event: 6.358 GC heap before
{Heap before GC invocations=3 (full 0):
 garbage-first heap   total 126976K, used 74958K [0x0000000084000000, 0x0000000100000000)
  region size 1024K, 74 young (75776K), 6 survivors (6144K)
 Metaspace       used 19338K, committed 19520K, reserved 1114112K
  class space    used 2338K, committed 2432K, reserved 1048576K
}
Event: 6.370 GC heap after
{Heap after GC invocations=4 (full 0):
 garbage-first heap   total 126976K, used 8315K [0x0000000084000000, 0x0000000100000000)
  region size 1024K, 6 young (6144K), 6 survivors (6144K)
 Metaspace       used 19338K, committed 19520K, reserved 1114112K
  class space    used 2338K, committed 2432K, reserved 1048576K
}

